#
# There is insufficient memory for the Java Runtime Environment to continue.
# Native memory allocation (mmap) failed to map 266338304 bytes for Failed to commit area from 0x0000000702600000 to 0x0000000712400000 of length 266338304.
# Possible reasons:
#   The system is out of physical RAM or swap space
#   The process is running with CompressedOops enabled, and the Java Heap may be blocking the growth of the native heap
# Possible solutions:
#   Reduce memory load on the system
#   Increase physical memory or swap space
#   Check if swap backing store is full
#   Decrease Java heap size (-Xmx/-Xms)
#   Decrease number of Java threads
#   Decrease Java thread stack sizes (-Xss)
#   Set larger code cache with -XX:ReservedCodeCacheSize=
# This output file may be truncated or incomplete.
#
#  Out of Memory Error (src/hotspot/os/windows/os_windows.cpp:3627), pid=472, tid=3352
#
# JRE version:  (11.0.15+10) (build )
# Java VM: OpenJDK 64-Bit Server VM (11.0.15+10-b2043.56, mixed mode, sharing, tiered, compressed oops, g1 gc, windows-amd64)
# No core dump will be written. Minidumps are not enabled by default on client versions of Windows
#

---------------  S U M M A R Y ------------

Command Line: git4idea.http.GitAskPassApp Username for 'https://github.com': 

Host: Intel(R) Core(TM) i7-9750H CPU @ 2.60GHz, 12 cores, 15G,  Windows 10 , 64 bit Build 19041 (10.0.19041.2251)
Time: Wed Dec  7 23:31:45 2022  Windows 10 , 64 bit Build 19041 (10.0.19041.2251) elapsed time: 0.008670 seconds (0d 0h 0m 0s)

---------------  T H R E A D  ---------------

Current thread (0x000002288f2ac800):  JavaThread "Unknown thread" [_thread_in_vm, id=3352, stack(0x0000004a0dc00000,0x0000004a0dd00000)]

Stack: [0x0000004a0dc00000,0x0000004a0dd00000]
Native frames: (J=compiled Java code, j=interpreted, Vv=VM code, C=native code)
V  [jvm.dll+0x61612a]
V  [jvm.dll+0x79c450]
V  [jvm.dll+0x79da6d]
V  [jvm.dll+0x79e143]
V  [jvm.dll+0x24cc18]
V  [jvm.dll+0x613174]
V  [jvm.dll+0x607e55]
V  [jvm.dll+0x30b1cb]
V  [jvm.dll+0x30b13a]
V  [jvm.dll+0x30b012]
V  [jvm.dll+0x30ff76]
V  [jvm.dll+0x35b4c3]
V  [jvm.dll+0x35bbc6]
V  [jvm.dll+0x35b5c3]
V  [jvm.dll+0x2e5918]
V  [jvm.dll+0x2e6ab7]
V  [jvm.dll+0x7794f7]
V  [jvm.dll+0x77acec]
V  [jvm.dll+0x368a59]
V  [jvm.dll+0x75ce8e]
V  [jvm.dll+0x3d6a33]
V  [jvm.dll+0x3d9001]
C  [jli.dll+0x536b]
C  [ucrtbase.dll+0x21bb2]
C  [KERNEL32.DLL+0x174b4]
C  [ntdll.dll+0x526a1]


---------------  P R O C E S S  ---------------

Threads class SMR info:
_java_thread_list=0x000002288f070720, length=0, elements={
}

Java Threads: ( => current thread )

Other Threads:
  0x000002288f2c7800 GCTaskThread "GC Thread#0" [stack: 0x0000004a0dd00000,0x0000004a0de00000] [id=6108]
  0x000002288f323800 ConcurrentGCThread "G1 Main Marker" [stack: 0x0000004a0de00000,0x0000004a0df00000] [id=13728]
  0x000002288f326000 ConcurrentGCThread "G1 Conc#0" [stack: 0x0000004a0df00000,0x0000004a0e000000] [id=16852]

[error occurred during error reporting (printing all threads), id 0xc0000005, EXCEPTION_ACCESS_VIOLATION (0xc0000005) at pc=0x00007ffa127a6017]

VM state:not at safepoint (not fully initialized)

VM Mutex/Monitor currently owned by a thread:  ([mutex/lock_event])
[0x000002288f2a88b0] Heap_lock - owner thread: 0x000002288f2ac800

Heap address: 0x0000000702600000, size: 4058 MB, Compressed Oops mode: Non-zero based: 0x0000000702600000
Narrow klass base: 0x0000000000000000, Narrow klass shift: 0

GC Heap History (0 events):
No events

Deoptimization events (0 events):
No events

Classes redefined (0 events):
No events

Internal exceptions (0 events):
No events

Events (1 events):
Event: 0.005 Loaded shared library D:\IDE\IntelliJ IDEA 2022.1\jbr\bin\zip.dll


Dynamic libraries:
0x00007ff7f9e70000 - 0x00007ff7f9e7a000 	D:\IDE\IntelliJ IDEA 2022.1\jbr\bin\java.exe
0x00007ffaa4d90000 - 0x00007ffaa4f88000 	C:\WINDOWS\SYSTEM32\ntdll.dll
0x00007ffaa3360000 - 0x00007ffaa341f000 	C:\WINDOWS\System32\KERNEL32.DLL
0x00007ffaa2490000 - 0x00007ffaa2762000 	C:\WINDOWS\System32\KERNELBASE.dll
0x00007ffaa2920000 - 0x00007ffaa2a20000 	C:\WINDOWS\System32\ucrtbase.dll
0x00007ffa98410000 - 0x00007ffa98429000 	D:\IDE\IntelliJ IDEA 2022.1\jbr\bin\jli.dll
0x00007ffa73670000 - 0x00007ffa73686000 	D:\IDE\IntelliJ IDEA 2022.1\jbr\bin\VCRUNTIME140.dll
0x00007ffaa3420000 - 0x00007ffaa35bd000 	C:\WINDOWS\System32\USER32.dll
0x00007ffa84270000 - 0x00007ffa8450a000 	C:\WINDOWS\WinSxS\amd64_microsoft.windows.common-controls_6595b64144ccf1df_6.0.19041.1110_none_60b5254171f9507e\COMCTL32.dll
0x00007ffaa2db0000 - 0x00007ffaa2dd2000 	C:\WINDOWS\System32\win32u.dll
0x00007ffaa4550000 - 0x00007ffaa457b000 	C:\WINDOWS\System32\GDI32.dll
0x00007ffaa46d0000 - 0x00007ffaa476e000 	C:\WINDOWS\System32\msvcrt.dll
0x00007ffaa2810000 - 0x00007ffaa291f000 	C:\WINDOWS\System32\gdi32full.dll
0x00007ffaa2cc0000 - 0x00007ffaa2d5d000 	C:\WINDOWS\System32\msvcp_win.dll
0x00007ffaa3670000 - 0x00007ffaa36a2000 	C:\WINDOWS\System32\IMM32.DLL
0x00007ffa49cb0000 - 0x00007ffa49d5a000 	D:\IDE\IntelliJ IDEA 2022.1\jbr\bin\msvcp140.dll
0x00007ffa124b0000 - 0x00007ffa1302b000 	D:\IDE\IntelliJ IDEA 2022.1\jbr\bin\server\jvm.dll
0x00007ffaa44a0000 - 0x00007ffaa454e000 	C:\WINDOWS\System32\ADVAPI32.dll
0x00007ffaa47e0000 - 0x00007ffaa487c000 	C:\WINDOWS\System32\sechost.dll
0x00007ffaa2de0000 - 0x00007ffaa2f05000 	C:\WINDOWS\System32\RPCRT4.dll
0x00007ffaa3e60000 - 0x00007ffaa3e68000 	C:\WINDOWS\System32\PSAPI.DLL
0x00007ffa8b520000 - 0x00007ffa8b529000 	C:\WINDOWS\SYSTEM32\WSOCK32.dll
0x00007ffa8a250000 - 0x00007ffa8a277000 	C:\WINDOWS\SYSTEM32\WINMM.dll
0x00007ffa966f0000 - 0x00007ffa966fa000 	C:\WINDOWS\SYSTEM32\VERSION.dll
0x00007ffaa4770000 - 0x00007ffaa47db000 	C:\WINDOWS\System32\WS2_32.dll
0x00007ffaa0ce0000 - 0x00007ffaa0cf2000 	C:\WINDOWS\SYSTEM32\kernel.appcore.dll
0x00007ffa96510000 - 0x00007ffa96521000 	D:\IDE\IntelliJ IDEA 2022.1\jbr\bin\verify.dll
0x00007ffaa0a00000 - 0x00007ffaa0be4000 	C:\WINDOWS\SYSTEM32\DBGHELP.DLL
0x00007ffa8d590000 - 0x00007ffa8d5bc000 	C:\WINDOWS\SYSTEM32\dbgcore.DLL
0x00007ffaa2ad0000 - 0x00007ffaa2b52000 	C:\WINDOWS\System32\bcryptPrimitives.dll
0x00007ffa73710000 - 0x00007ffa73739000 	D:\IDE\IntelliJ IDEA 2022.1\jbr\bin\java.dll
0x00007ffa93ae0000 - 0x00007ffa93aeb000 	D:\IDE\IntelliJ IDEA 2022.1\jbr\bin\jimage.dll
0x00007ffa82ac0000 - 0x00007ffa82ad9000 	D:\IDE\IntelliJ IDEA 2022.1\jbr\bin\zip.dll

dbghelp: loaded successfully - version: 4.0.5 - missing functions: none
symbol engine: initialized successfully - sym options: 0x614 - pdb path: .;D:\IDE\IntelliJ IDEA 2022.1\jbr\bin;C:\WINDOWS\SYSTEM32;C:\WINDOWS\WinSxS\amd64_microsoft.windows.common-controls_6595b64144ccf1df_6.0.19041.1110_none_60b5254171f9507e;D:\IDE\IntelliJ IDEA 2022.1\jbr\bin\server

VM Arguments:
java_command: git4idea.http.GitAskPassApp Username for 'https://github.com': 
java_class_path (initial): D:/IDE/IntelliJ IDEA 2022.1/plugins/git4idea/lib/git4idea-rt.jar;D:/IDE/IntelliJ IDEA 2022.1/lib/externalProcess-rt.jar;D:/IDE/IntelliJ IDEA 2022.1/lib/app.jar;D:/IDE/IntelliJ IDEA 2022.1/lib/3rd-party-rt.jar
Launcher Type: SUN_STANDARD

[Global flags]
     intx CICompilerCount                          = 4                                         {product} {ergonomic}
     uint ConcGCThreads                            = 3                                         {product} {ergonomic}
     uint G1ConcRefinementThreads                  = 10                                        {product} {ergonomic}
   size_t G1HeapRegionSize                         = 1048576                                   {product} {ergonomic}
    uintx GCDrainStackTargetSize                   = 64                                        {product} {ergonomic}
   size_t InitialHeapSize                          = 266338304                                 {product} {ergonomic}
   size_t MarkStackSize                            = 4194304                                   {product} {ergonomic}
   size_t MaxHeapSize                              = 4255121408                                {product} {ergonomic}
   size_t MinHeapDeltaBytes                        = 1048576                                   {product} {ergonomic}
    uintx NonNMethodCodeHeapSize                   = 5836300                                {pd product} {ergonomic}
    uintx NonProfiledCodeHeapSize                  = 122910970                              {pd product} {ergonomic}
    uintx ProfiledCodeHeapSize                     = 122910970                              {pd product} {ergonomic}
    uintx ReservedCodeCacheSize                    = 251658240                              {pd product} {ergonomic}
     bool SegmentedCodeCache                       = true                                      {product} {ergonomic}
     bool UseCompressedClassPointers               = true                                 {lp64_product} {ergonomic}
     bool UseCompressedOops                        = true                                 {lp64_product} {ergonomic}
     bool UseG1GC                                  = true                                      {product} {ergonomic}
     bool UseLargePagesIndividualAllocation        = false                                  {pd product} {ergonomic}

Logging:
Log output configuration:
 #0: stdout all=warning uptime,level,tags
 #1: stderr all=off uptime,level,tags

Environment Variables:
JAVA_HOME=D:/CompilerEnvironment/jdk
CLASSPATH=.;D:/CompilerEnvironment/jdk/lib/dt.jar;D:/CompilerEnvironment/jdk/lib/tools.jar
PATH=D:/toolSorftware/zbox/bin/git/mingw32/libexec/git-core;D:/toolSorftware/zbox/bin/git/mingw32/libexec/git-core;D:/toolSorftware/zbox/bin/git/mingw32/bin;D:/toolSorftware/zbox/bin/git/usr/bin;C:/Users/√Á√Á/bin;D:/toolSorftware/Oracle/WINDOWS.X64_193000_db_home/bin;D:/toolSorftware/zbox/bin/git/cmd;D:/toolSorftware/zbox/bin/sliksvn;D:/toolSorftware/zbox/zbox/nssm/win32;C:/Program Files (x86)/Common Files/Oracle/Java/javapath;D:/toolSorftware/Oracle/product/11.2.0/dbhome_1/bin;C:/Program Files/Common Files/Oracle/Java/javapath;C:/Windows/system32;C:/Windows;C:/Windows/System32/Wbem;C:/Windows/System32/WindowsPowerShell/v1.0/;C:/Windows/System32/OpenSSH/;C:/Program Files (x86)/NVIDIA Corporation/PhysX/Common;C:/Program Files/NVIDIA Corporation/NVIDIA NvDLISR;C:/WINDOWS/system32;C:/WINDOWS;C:/WINDOWS/System32/Wbem;C:/WINDOWS/System32/WindowsPowerShell/v1.0/;C:/WINDOWS/System32/OpenSSH/;D:/CompilerEnvironment/jdk/bin;D:/CompilerEnvironment/jdk/jre/bin;D:/CompilerEnvironment/MinGW/bin;D:/CompilerEnvironment/mysql/mysql-8.0.28-winx64;D:/CompilerEnvironment/mysql/mysql-8.0.28-winx64/bin;D:/toolSorftware/Git/cmd;D:/toolSorftware/nodejs/;D:/CompilerEnvironment/anaconda/Scripts;D:/CompilerEnvironment/Python/Python;D:/CompilerEnvironment/Python/Python/Scripts;D:/CompilerEnvironmen;D:/CompilerEnvironment/Python/Scripts/;D:/CompilerEnvironment/Python/;C:/Users/√Á√Á/AppData/Local/Microsoft/WindowsApps;D:/sorftware/;D:/IDE/Microsoft VS Code/bin;D:/IDE/DataGrip 2021.3.4/bin;C:/Users/√Á√Á/AppData/Local/JetBrains/Toolbox/scripts;
USERNAME=√Á√Á
SHELL=/bin/sh
DISPLAY=:0.0
LC_ALL=en_US.UTF-8
OS=Windows_NT
PROCESSOR_IDENTIFIER=Intel64 Family 6 Model 158 Stepping 10, GenuineIntel



---------------  S Y S T E M  ---------------

OS: Windows 10 , 64 bit Build 19041 (10.0.19041.2251)
OS uptime: 0 days 13:46 hours

CPU:total 12 (initial active 12) (6 cores per cpu, 2 threads per core) family 6 model 158 stepping 10 microcode 0xec, cmov, cx8, fxsr, mmx, sse, sse2, sse3, ssse3, sse4.1, sse4.2, popcnt, avx, avx2, aes, clmul, erms, 3dnowpref, lzcnt, ht, tsc, tscinvbit, bmi1, bmi2, adx, fma

Memory: 4k page, system-wide physical 16227M (5200M free)
TotalPageFile size 20323M (AvailPageFile size 200M)
current process WorkingSet (physical memory assigned to process): 10M, peak: 10M
current process commit charge ("private bytes"): 64M, peak: 318M

vm_info: OpenJDK 64-Bit Server VM (11.0.15+10-b2043.56) for windows-amd64 JRE (11.0.15+10-b2043.56), built on May 16 2022 02:28:12 by "" with MS VC++ 14.0 (VS2015)

END.
